C:\USERS\ADMINISTRATOR\DOCUMENTS\DEVELOP\CONSOLE\NEXSONIN-3\DEBUG\NEXSONIN-3.EXE
C:\USERS\ADMINISTRATOR\DOCUMENTS\DEVELOP\CONSOLE\NEXSONIN-3\DEBUG\NEXSONIN-3.ILK
C:\USERS\ADMINISTRATOR\DOCUMENTS\DEVELOP\CONSOLE\NEXSONIN-3\DEBUG\NEXSONIN-3.PDB
C:\Users\Administrator\Documents\develop\Console\nexsonin-3\nexsonin-3\Debug\cl.command.1.tlog
C:\Users\Administrator\Documents\develop\Console\nexsonin-3\nexsonin-3\Debug\CL.read.1.tlog
C:\Users\Administrator\Documents\develop\Console\nexsonin-3\nexsonin-3\Debug\CL.write.1.tlog
C:\Users\Administrator\Documents\develop\Console\nexsonin-3\nexsonin-3\Debug\link.10148.read.1.tlog
C:\Users\Administrator\Documents\develop\Console\nexsonin-3\nexsonin-3\Debug\link.10148.write.1.tlog
C:\Users\Administrator\Documents\develop\Console\nexsonin-3\nexsonin-3\Debug\link.10148-cvtres.read.1.tlog
C:\Users\Administrator\Documents\develop\Console\nexsonin-3\nexsonin-3\Debug\link.10148-cvtres.write.1.tlog
C:\Users\Administrator\Documents\develop\Console\nexsonin-3\nexsonin-3\Debug\link.3596.read.1.tlog
C:\Users\Administrator\Documents\develop\Console\nexsonin-3\nexsonin-3\Debug\link.3596.write.1.tlog
C:\Users\Administrator\Documents\develop\Console\nexsonin-3\nexsonin-3\Debug\link.3596-cvtres.read.1.tlog
C:\Users\Administrator\Documents\develop\Console\nexsonin-3\nexsonin-3\Debug\link.3596-cvtres.write.1.tlog
C:\Users\Administrator\Documents\develop\Console\nexsonin-3\nexsonin-3\Debug\link.3720.read.1.tlog
C:\Users\Administrator\Documents\develop\Console\nexsonin-3\nexsonin-3\Debug\link.3720.write.1.tlog
C:\Users\Administrator\Documents\develop\Console\nexsonin-3\nexsonin-3\Debug\link.3720-cvtres.read.1.tlog
C:\Users\Administrator\Documents\develop\Console\nexsonin-3\nexsonin-3\Debug\link.3720-cvtres.write.1.tlog
C:\Users\Administrator\Documents\develop\Console\nexsonin-3\nexsonin-3\Debug\link.5396.read.1.tlog
C:\Users\Administrator\Documents\develop\Console\nexsonin-3\nexsonin-3\Debug\link.5396.write.1.tlog
C:\Users\Administrator\Documents\develop\Console\nexsonin-3\nexsonin-3\Debug\link.5396-cvtres.read.1.tlog
C:\Users\Administrator\Documents\develop\Console\nexsonin-3\nexsonin-3\Debug\link.5396-cvtres.write.1.tlog
C:\Users\Administrator\Documents\develop\Console\nexsonin-3\nexsonin-3\Debug\link.7484.read.1.tlog
C:\Users\Administrator\Documents\develop\Console\nexsonin-3\nexsonin-3\Debug\link.7484.write.1.tlog
C:\Users\Administrator\Documents\develop\Console\nexsonin-3\nexsonin-3\Debug\link.7484-cvtres.read.1.tlog
C:\Users\Administrator\Documents\develop\Console\nexsonin-3\nexsonin-3\Debug\link.7484-cvtres.write.1.tlog
C:\Users\Administrator\Documents\develop\Console\nexsonin-3\nexsonin-3\Debug\link.9552.read.1.tlog
C:\Users\Administrator\Documents\develop\Console\nexsonin-3\nexsonin-3\Debug\link.9552.write.1.tlog
C:\Users\Administrator\Documents\develop\Console\nexsonin-3\nexsonin-3\Debug\link.9552-cvtres.read.1.tlog
C:\Users\Administrator\Documents\develop\Console\nexsonin-3\nexsonin-3\Debug\link.9552-cvtres.write.1.tlog
C:\Users\Administrator\Documents\develop\Console\nexsonin-3\nexsonin-3\Debug\link.9640.read.1.tlog
C:\Users\Administrator\Documents\develop\Console\nexsonin-3\nexsonin-3\Debug\link.9640.write.1.tlog
C:\Users\Administrator\Documents\develop\Console\nexsonin-3\nexsonin-3\Debug\link.9640-cvtres.read.1.tlog
C:\Users\Administrator\Documents\develop\Console\nexsonin-3\nexsonin-3\Debug\link.9640-cvtres.write.1.tlog
C:\Users\Administrator\Documents\develop\Console\nexsonin-3\nexsonin-3\Debug\link.command.1.tlog
C:\Users\Administrator\Documents\develop\Console\nexsonin-3\nexsonin-3\Debug\link.read.1.tlog
C:\Users\Administrator\Documents\develop\Console\nexsonin-3\nexsonin-3\Debug\link.write.1.tlog
C:\Users\Administrator\Documents\develop\Console\nexsonin-3\nexsonin-3\Debug\link-cvtres.read.1.tlog
C:\Users\Administrator\Documents\develop\Console\nexsonin-3\nexsonin-3\Debug\link-cvtres.write.1.tlog
C:\USERS\ADMINISTRATOR\DOCUMENTS\DEVELOP\CONSOLE\NEXSONIN-3\NEXSONIN-3\DEBUG\MAIN.OBJ
C:\Users\Administrator\Documents\develop\Console\nexsonin-3\nexsonin-3\Debug\mt.command.1.tlog
C:\Users\Administrator\Documents\develop\Console\nexsonin-3\nexsonin-3\Debug\mt.read.1.tlog
C:\Users\Administrator\Documents\develop\Console\nexsonin-3\nexsonin-3\Debug\mt.write.1.tlog
C:\USERS\ADMINISTRATOR\DOCUMENTS\DEVELOP\CONSOLE\NEXSONIN-3\NEXSONIN-3\DEBUG\NEXSONIN-3.EXE.EMBED.MANIFEST
C:\USERS\ADMINISTRATOR\DOCUMENTS\DEVELOP\CONSOLE\NEXSONIN-3\NEXSONIN-3\DEBUG\NEXSONIN-3.EXE.EMBED.MANIFEST.RES
C:\USERS\ADMINISTRATOR\DOCUMENTS\DEVELOP\CONSOLE\NEXSONIN-3\NEXSONIN-3\DEBUG\NEXSONIN-3.EXE.INTERMEDIATE.MANIFEST
C:\Users\Administrator\Documents\develop\Console\nexsonin-3\nexsonin-3\Debug\nexsonin-3_manifest.rc
C:\USERS\ADMINISTRATOR\DOCUMENTS\DEVELOP\CONSOLE\NEXSONIN-3\NEXSONIN-3\DEBUG\NODE.OBJ
C:\Users\Administrator\Documents\develop\Console\nexsonin-3\nexsonin-3\Debug\rc.command.1.tlog
C:\Users\Administrator\Documents\develop\Console\nexsonin-3\nexsonin-3\Debug\rc.read.1.tlog
C:\Users\Administrator\Documents\develop\Console\nexsonin-3\nexsonin-3\Debug\rc.write.1.tlog
C:\USERS\ADMINISTRATOR\DOCUMENTS\DEVELOP\CONSOLE\NEXSONIN-3\NEXSONIN-3\DEBUG\TREE.OBJ
C:\Users\Administrator\Documents\develop\Console\nexsonin-3\nexsonin-3\Debug\vc100.idb
C:\USERS\ADMINISTRATOR\DOCUMENTS\DEVELOP\CONSOLE\NEXSONIN-3\NEXSONIN-3\DEBUG\VC100.PDB
